<?xml version="1.0" encoding="UTF-8"?>
<!-- Generated by org.testng.reporters.JUnitReportReporter -->
<testsuite hostname="DESKTOP-KSQEVUI" failures="0" tests="4" name="Runners.MyTestRunner" time="95.912" errors="0" timestamp="2024-12-22T00:21:07 IST" skipped="0">
  <testcase classname="Runners.MyTestRunner" name="runScenario" time="19.736"/>
  <testcase classname="Runners.MyTestRunner" name="runScenario" time="27.039"/>
  <testcase classname="Runners.MyTestRunner" name="runScenario" time="23.509"/>
  <testcase classname="Runners.MyTestRunner" name="runScenario" time="25.628"/>
</testsuite> <!-- Runners.MyTestRunner -->
